This file contains any messages produced by compilers while
running configure, to aid debugging if configure makes a mistake.

It was created by tinydb configure 0.1, which was
generated by GNU Autoconf 2.71.  Invocation command line was

  $ ./configure

## --------- ##
## Platform. ##
## --------- ##

hostname = zc-VLT-WX0
uname -m = x86_64
uname -r = 6.2.0-36-generic
uname -s = Linux
uname -v = #37-Ubuntu SMP PREEMPT_DYNAMIC Wed Oct  4 10:14:28 UTC 2023

/usr/bin/uname -p = x86_64
/bin/uname -X     = unknown

/bin/arch              = x86_64
/usr/bin/arch -k       = unknown
/usr/convex/getsysinfo = unknown
/usr/bin/hostinfo      = unknown
/bin/machine           = unknown
/usr/bin/oslevel       = unknown
/bin/universe          = unknown

PATH: /home/zc/go/bin/
PATH: /home/zc/.cargo/bin/
PATH: /home/zc/.local/bin/
PATH: /usr/local/maven/bin/
PATH: /usr/local/jdk-17/bin/
PATH: /usr/local/sbin/
PATH: /usr/local/bin/
PATH: /usr/sbin/
PATH: /usr/bin/
PATH: /sbin/
PATH: /bin/
PATH: /usr/games/
PATH: /usr/local/games/
PATH: /snap/bin/
PATH: /snap/bin/
PATH: /usr/local/go/bin/
PATH: /usr/local/go/bin/


## ----------- ##
## Core tests. ##
## ----------- ##

configure:2219: looking for aux files: compile missing install-sh
configure:2232:  trying ./
configure:2261:   ./compile found
configure:2261:   ./missing found
configure:2243:   ./install-sh found
configure:2390: checking for a BSD-compatible install
configure:2463: result: /usr/bin/install -c
configure:2474: checking whether build environment is sane
configure:2529: result: yes
configure:2688: checking for a race-free mkdir -p
configure:2732: result: /usr/bin/mkdir -p
configure:2739: checking for gawk
configure:2774: result: no
configure:2739: checking for mawk
configure:2760: found /usr/bin/mawk
configure:2771: result: mawk
configure:2782: checking whether make sets $(MAKE)
configure:2805: result: yes
configure:2835: checking whether make supports nested variables
configure:2853: result: yes
configure:3051: checking for gcc
configure:3072: found /usr/bin/gcc
configure:3083: result: gcc
configure:3436: checking for C compiler version
configure:3445: gcc --version >&5
gcc (Ubuntu 12.3.0-1ubuntu1~23.04) 12.3.0
Copyright (C) 2022 Free Software Foundation, Inc.
This is free software; see the source for copying conditions.  There is NO
warranty; not even for MERCHANTABILITY or FITNESS FOR A PARTICULAR PURPOSE.

configure:3456: $? = 0
configure:3445: gcc -v >&5
Using built-in specs.
COLLECT_GCC=gcc
COLLECT_LTO_WRAPPER=/usr/lib/gcc/x86_64-linux-gnu/12/lto-wrapper
OFFLOAD_TARGET_NAMES=nvptx-none:amdgcn-amdhsa
OFFLOAD_TARGET_DEFAULT=1
Target: x86_64-linux-gnu
Configured with: ../src/configure -v --with-pkgversion='Ubuntu 12.3.0-1ubuntu1~23.04' --with-bugurl=file:///usr/share/doc/gcc-12/README.Bugs --enable-languages=c,ada,c++,go,d,fortran,objc,obj-c++,m2 --prefix=/usr --with-gcc-major-version-only --program-suffix=-12 --program-prefix=x86_64-linux-gnu- --enable-shared --enable-linker-build-id --libexecdir=/usr/lib --without-included-gettext --enable-threads=posix --libdir=/usr/lib --enable-nls --enable-clocale=gnu --enable-libstdcxx-debug --enable-libstdcxx-time=yes --with-default-libstdcxx-abi=new --enable-gnu-unique-object --disable-vtable-verify --enable-plugin --enable-default-pie --with-system-zlib --enable-libphobos-checking=release --with-target-system-zlib=auto --enable-objc-gc=auto --enable-multiarch --disable-werror --enable-cet --with-arch-32=i686 --with-abi=m64 --with-multilib-list=m32,m64,mx32 --enable-multilib --with-tune=generic --enable-offload-targets=nvptx-none=/build/gcc-12-DAPbBt/gcc-12-12.3.0/debian/tmp-nvptx/usr,amdgcn-amdhsa=/build/gcc-12-DAPbBt/gcc-12-12.3.0/debian/tmp-gcn/usr --enable-offload-defaulted --without-cuda-driver --enable-checking=release --build=x86_64-linux-gnu --host=x86_64-linux-gnu --target=x86_64-linux-gnu
Thread model: posix
Supported LTO compression algorithms: zlib zstd
gcc version 12.3.0 (Ubuntu 12.3.0-1ubuntu1~23.04) 
... rest of stderr output deleted ...
configure:3456: $? = 0
configure:3445: gcc -V >&5
gcc: error: unrecognized command-line option '-V'
gcc: fatal error: no input files
compilation terminated.
configure:3456: $? = 1
configure:3445: gcc -qversion >&5
gcc: error: unrecognized command-line option '-qversion'; did you mean '--version'?
gcc: fatal error: no input files
compilation terminated.
configure:3456: $? = 1
configure:3445: gcc -version >&5
gcc: error: unrecognized command-line option '-version'
gcc: fatal error: no input files
compilation terminated.
configure:3456: $? = 1
configure:3476: checking whether the C compiler works
configure:3498: gcc    conftest.c  >&5
configure:3502: $? = 0
configure:3552: result: yes
configure:3555: checking for C compiler default output file name
configure:3557: result: a.out
configure:3563: checking for suffix of executables
configure:3570: gcc -o conftest    conftest.c  >&5
configure:3574: $? = 0
configure:3597: result: 
configure:3619: checking whether we are cross compiling
configure:3627: gcc -o conftest    conftest.c  >&5
configure:3631: $? = 0
configure:3638: ./conftest
configure:3642: $? = 0
configure:3657: result: no
configure:3662: checking for suffix of object files
configure:3685: gcc -c   conftest.c >&5
configure:3689: $? = 0
configure:3711: result: o
configure:3715: checking whether the compiler supports GNU C
configure:3735: gcc -c   conftest.c >&5
configure:3735: $? = 0
configure:3745: result: yes
configure:3756: checking whether gcc accepts -g
configure:3777: gcc -c -g  conftest.c >&5
configure:3777: $? = 0
configure:3821: result: yes
configure:3841: checking for gcc option to enable C11 features
configure:3856: gcc  -c -g -O2  conftest.c >&5
configure:3856: $? = 0
configure:3874: result: none needed
configure:3990: checking whether gcc understands -c and -o together
configure:4013: gcc -c conftest.c -o conftest2.o
configure:4016: $? = 0
configure:4013: gcc -c conftest.c -o conftest2.o
configure:4016: $? = 0
configure:4028: result: yes
configure:4048: checking whether make supports the include directive
configure:4063: make -f confmf.GNU && cat confinc.out
this is the am__doit target
configure:4066: $? = 0
configure:4085: result: yes (GNU style)
configure:4111: checking dependency style of gcc
configure:4223: result: gcc3
configure:4243: checking for flex
configure:4264: found /usr/bin/flex
configure:4275: result: flex
configure:4324: checking for lex output file root
configure:4337: flex conftest.l
configure:4341: $? = 0
configure:4349: result: lex.yy
configure:4364: checking for lex library
configure:4389: gcc -o conftest -g -O2   conftest.c  >&5
configure:4389: $? = 0
configure:4402: result: none needed
configure:4432: checking for library containing yywrap
configure:4462: gcc -o conftest -g -O2   conftest.c  >&5
/usr/bin/ld: /tmp/ccnBEJvy.o: in function `main':
/home/zc/work/c/TinyDb/conftest.c:19: undefined reference to `yywrap'
collect2: error: ld returned 1 exit status
configure:4462: $? = 1
configure: failed program was:
| /* confdefs.h */
| #define PACKAGE_NAME "tinydb"
| #define PACKAGE_TARNAME "tinydb"
| #define PACKAGE_VERSION "0.1"
| #define PACKAGE_STRING "tinydb 0.1"
| #define PACKAGE_BUGREPORT "jerryzhou.zc@gmail.com"
| #define PACKAGE_URL ""
| #define PACKAGE "tinydb"
| #define VERSION "0.1"
| /* end confdefs.h.  */
| 
| /* Override any GCC internal prototype to avoid an error.
|    Use char because int might match the return type of a GCC
|    builtin and then its argument prototype would still apply.  */
| char yywrap ();
| int
| main (void)
| {
| return yywrap ();
|   ;
|   return 0;
| }
configure:4462: gcc -o conftest -g -O2   conftest.c -lfl   >&5
/usr/bin/ld: /usr/lib/gcc/x86_64-linux-gnu/12/../../../x86_64-linux-gnu/libfl.so: undefined reference to `yylex'
collect2: error: ld returned 1 exit status
configure:4462: $? = 1
configure: failed program was:
| /* confdefs.h */
| #define PACKAGE_NAME "tinydb"
| #define PACKAGE_TARNAME "tinydb"
| #define PACKAGE_VERSION "0.1"
| #define PACKAGE_STRING "tinydb 0.1"
| #define PACKAGE_BUGREPORT "jerryzhou.zc@gmail.com"
| #define PACKAGE_URL ""
| #define PACKAGE "tinydb"
| #define VERSION "0.1"
| /* end confdefs.h.  */
| 
| /* Override any GCC internal prototype to avoid an error.
|    Use char because int might match the return type of a GCC
|    builtin and then its argument prototype would still apply.  */
| char yywrap ();
| int
| main (void)
| {
| return yywrap ();
|   ;
|   return 0;
| }
configure:4462: gcc -o conftest -g -O2   conftest.c -ll   >&5
configure:4462: $? = 0
configure:4482: result: -ll
configure:4505: checking whether yytext is a pointer
configure:4521: gcc -c -g -O2  conftest.c >&5
configure:4521: $? = 0
configure:4528: result: yes
configure:4551: checking for bison
configure:4572: found /usr/bin/bison
configure:4583: result: bison -y
configure:4700: checking that generated files are newer than configure
configure:4706: result: done
configure:4729: creating ./config.status

## ---------------------- ##
## Running config.status. ##
## ---------------------- ##

This file was extended by tinydb config.status 0.1, which was
generated by GNU Autoconf 2.71.  Invocation command line was

  CONFIG_FILES    = 
  CONFIG_HEADERS  = 
  CONFIG_LINKS    = 
  CONFIG_COMMANDS = 
  $ ./config.status 

on zc-VLT-WX0

config.status:843: creating Makefile
config.status:843: creating src/Makefile
config.status:843: creating config.h
config.status:1024: config.h is unchanged
config.status:1072: executing depfiles commands
config.status:1149: cd src       && sed -e '/# am--include-marker/d' Makefile         | make -f - am--depfiles
config.status:1154: $? = 0

## ---------------- ##
## Cache variables. ##
## ---------------- ##

ac_cv_c_compiler_gnu=yes
ac_cv_env_CC_set=
ac_cv_env_CC_value=
ac_cv_env_CFLAGS_set=
ac_cv_env_CFLAGS_value=
ac_cv_env_CPPFLAGS_set=
ac_cv_env_CPPFLAGS_value=
ac_cv_env_LDFLAGS_set=
ac_cv_env_LDFLAGS_value=
ac_cv_env_LIBS_set=
ac_cv_env_LIBS_value=
ac_cv_env_YACC_set=
ac_cv_env_YACC_value=
ac_cv_env_YFLAGS_set=
ac_cv_env_YFLAGS_value=
ac_cv_env_build_alias_set=
ac_cv_env_build_alias_value=
ac_cv_env_host_alias_set=
ac_cv_env_host_alias_value=
ac_cv_env_target_alias_set=
ac_cv_env_target_alias_value=
ac_cv_lib_lex='none needed'
ac_cv_objext=o
ac_cv_path_install='/usr/bin/install -c'
ac_cv_path_mkdir=/usr/bin/mkdir
ac_cv_prog_AWK=mawk
ac_cv_prog_LEX=flex
ac_cv_prog_YACC='bison -y'
ac_cv_prog_ac_ct_CC=gcc
ac_cv_prog_cc_c11=
ac_cv_prog_cc_g=yes
ac_cv_prog_cc_stdc=
ac_cv_prog_lex_root=lex.yy
ac_cv_prog_lex_yytext_pointer=yes
ac_cv_prog_make_make_set=yes
ac_cv_search_yywrap=-ll
am_cv_CC_dependencies_compiler_type=gcc3
am_cv_make_support_nested_variables=yes
am_cv_prog_cc_c_o=yes

## ----------------- ##
## Output variables. ##
## ----------------- ##

ACLOCAL='${SHELL} '\''/home/zc/work/c/TinyDb/missing'\'' aclocal-1.16'
AMDEPBACKSLASH='\'
AMDEP_FALSE='#'
AMDEP_TRUE=''
AMTAR='$${TAR-tar}'
AM_BACKSLASH='\'
AM_DEFAULT_V='$(AM_DEFAULT_VERBOSITY)'
AM_DEFAULT_VERBOSITY='1'
AM_V='$(V)'
AUTOCONF='${SHELL} '\''/home/zc/work/c/TinyDb/missing'\'' autoconf'
AUTOHEADER='${SHELL} '\''/home/zc/work/c/TinyDb/missing'\'' autoheader'
AUTOMAKE='${SHELL} '\''/home/zc/work/c/TinyDb/missing'\'' automake-1.16'
AWK='mawk'
CC='gcc'
CCDEPMODE='depmode=gcc3'
CFLAGS='-g -O2'
CPPFLAGS=''
CSCOPE='cscope'
CTAGS='ctags'
CYGPATH_W='echo'
DEFS='-DHAVE_CONFIG_H'
DEPDIR='.deps'
ECHO_C=''
ECHO_N='-n'
ECHO_T=''
ETAGS='etags'
EXEEXT=''
INSTALL_DATA='${INSTALL} -m 644'
INSTALL_PROGRAM='${INSTALL}'
INSTALL_SCRIPT='${INSTALL}'
INSTALL_STRIP_PROGRAM='$(install_sh) -c -s'
LDFLAGS=''
LEX='flex'
LEXLIB='-ll '
LEX_OUTPUT_ROOT='lex.yy'
LIBOBJS=''
LIBS=''
LTLIBOBJS=''
MAKEINFO='${SHELL} '\''/home/zc/work/c/TinyDb/missing'\'' makeinfo'
MKDIR_P='/usr/bin/mkdir -p'
OBJEXT='o'
PACKAGE='tinydb'
PACKAGE_BUGREPORT='jerryzhou.zc@gmail.com'
PACKAGE_NAME='tinydb'
PACKAGE_STRING='tinydb 0.1'
PACKAGE_TARNAME='tinydb'
PACKAGE_URL=''
PACKAGE_VERSION='0.1'
PATH_SEPARATOR=':'
SET_MAKE=''
SHELL='/bin/bash'
STRIP=''
VERSION='0.1'
YACC='bison -y'
YFLAGS=''
ac_ct_CC='gcc'
am__EXEEXT_FALSE=''
am__EXEEXT_TRUE='#'
am__fastdepCC_FALSE='#'
am__fastdepCC_TRUE=''
am__include='include'
am__isrc=''
am__leading_dot='.'
am__nodep='_no'
am__quote=''
am__tar='$${TAR-tar} chof - "$$tardir"'
am__untar='$${TAR-tar} xf -'
bindir='${exec_prefix}/bin'
build_alias=''
datadir='${datarootdir}'
datarootdir='${prefix}/share'
docdir='${datarootdir}/doc/${PACKAGE_TARNAME}'
dvidir='${docdir}'
exec_prefix='${prefix}'
host_alias=''
htmldir='${docdir}'
includedir='${prefix}/include'
infodir='${datarootdir}/info'
install_sh='${SHELL} /home/zc/work/c/TinyDb/install-sh'
libdir='${exec_prefix}/lib'
libexecdir='${exec_prefix}/libexec'
localedir='${datarootdir}/locale'
localstatedir='${prefix}/var'
mandir='${datarootdir}/man'
mkdir_p='$(MKDIR_P)'
oldincludedir='/usr/include'
pdfdir='${docdir}'
prefix='/usr/local'
program_transform_name='s,x,x,'
psdir='${docdir}'
runstatedir='${localstatedir}/run'
sbindir='${exec_prefix}/sbin'
sharedstatedir='${prefix}/com'
sysconfdir='${prefix}/etc'
target_alias=''

## ----------- ##
## confdefs.h. ##
## ----------- ##

/* confdefs.h */
#define PACKAGE_NAME "tinydb"
#define PACKAGE_TARNAME "tinydb"
#define PACKAGE_VERSION "0.1"
#define PACKAGE_STRING "tinydb 0.1"
#define PACKAGE_BUGREPORT "jerryzhou.zc@gmail.com"
#define PACKAGE_URL ""
#define PACKAGE "tinydb"
#define VERSION "0.1"
#define YYTEXT_POINTER 1

configure: exit 0

## ---------------------- ##
## Running config.status. ##
## ---------------------- ##

This file was extended by tinydb config.status 0.1, which was
generated by GNU Autoconf 2.71.  Invocation command line was

  CONFIG_FILES    = 
  CONFIG_HEADERS  = 
  CONFIG_LINKS    = 
  CONFIG_COMMANDS = 
  $ ./config.status src/Makefile depfiles

on zc-VLT-WX0

config.status:843: creating src/Makefile
config.status:1072: executing depfiles commands
config.status:1149: cd src       && sed -e '/# am--include-marker/d' Makefile         | make -f - am--depfiles
make[2]: Entering directory '/home/zc/work/c/TinyDb/src'
make[2]: Nothing to be done for 'am--depfiles'.
make[2]: Leaving directory '/home/zc/work/c/TinyDb/src'
config.status:1154: $? = 0

## ---------------------- ##
## Running config.status. ##
## ---------------------- ##

This file was extended by tinydb config.status 0.1, which was
generated by GNU Autoconf 2.71.  Invocation command line was

  CONFIG_FILES    = 
  CONFIG_HEADERS  = 
  CONFIG_LINKS    = 
  CONFIG_COMMANDS = 
  $ ./config.status src/Makefile depfiles

on zc-VLT-WX0

config.status:843: creating src/Makefile
config.status:1072: executing depfiles commands
config.status:1149: cd src       && sed -e '/# am--include-marker/d' Makefile         | make -f - am--depfiles
make[3]: Entering directory '/home/zc/work/c/TinyDb/src'
make[3]: Nothing to be done for 'am--depfiles'.
make[3]: Leaving directory '/home/zc/work/c/TinyDb/src'
config.status:1154: $? = 0

## ---------------------- ##
## Running config.status. ##
## ---------------------- ##

This file was extended by tinydb config.status 0.1, which was
generated by GNU Autoconf 2.71.  Invocation command line was

  CONFIG_FILES    = 
  CONFIG_HEADERS  = 
  CONFIG_LINKS    = 
  CONFIG_COMMANDS = 
  $ ./config.status src/Makefile depfiles

on zc-VLT-WX0

config.status:843: creating src/Makefile
config.status:1072: executing depfiles commands
config.status:1149: cd src       && sed -e '/# am--include-marker/d' Makefile         | make -f - am--depfiles
make[3]: Entering directory '/home/zc/work/c/TinyDb/src'
make[3]: Leaving directory '/home/zc/work/c/TinyDb/src'
config.status:1154: $? = 0

## ---------------------- ##
## Running config.status. ##
## ---------------------- ##

This file was extended by tinydb config.status 0.1, which was
generated by GNU Autoconf 2.71.  Invocation command line was

  CONFIG_FILES    = 
  CONFIG_HEADERS  = 
  CONFIG_LINKS    = 
  CONFIG_COMMANDS = 
  $ ./config.status src/Makefile depfiles

on zc-VLT-WX0

config.status:843: creating src/Makefile
config.status:1072: executing depfiles commands
config.status:1149: cd src       && sed -e '/# am--include-marker/d' Makefile         | make -f - am--depfiles
make[3]: Entering directory '/home/zc/work/c/TinyDb/src'
make[3]: Leaving directory '/home/zc/work/c/TinyDb/src'
config.status:1154: $? = 0

## ---------------------- ##
## Running config.status. ##
## ---------------------- ##

This file was extended by tinydb config.status 0.1, which was
generated by GNU Autoconf 2.71.  Invocation command line was

  CONFIG_FILES    = 
  CONFIG_HEADERS  = 
  CONFIG_LINKS    = 
  CONFIG_COMMANDS = 
  $ ./config.status src/Makefile depfiles

on zc-VLT-WX0

config.status:843: creating src/Makefile
config.status:1072: executing depfiles commands
config.status:1149: cd src       && sed -e '/# am--include-marker/d' Makefile         | make -f - am--depfiles
make[3]: Entering directory '/home/zc/work/c/TinyDb/src'
make[3]: Nothing to be done for 'am--depfiles'.
make[3]: Leaving directory '/home/zc/work/c/TinyDb/src'
config.status:1154: $? = 0

## ---------------------- ##
## Running config.status. ##
## ---------------------- ##

This file was extended by tinydb config.status 0.1, which was
generated by GNU Autoconf 2.71.  Invocation command line was

  CONFIG_FILES    = 
  CONFIG_HEADERS  = 
  CONFIG_LINKS    = 
  CONFIG_COMMANDS = 
  $ ./config.status src/Makefile depfiles

on zc-VLT-WX0

config.status:843: creating src/Makefile
config.status:1072: executing depfiles commands
config.status:1149: cd src       && sed -e '/# am--include-marker/d' Makefile         | make -f - am--depfiles
make[3]: Entering directory '/home/zc/work/c/TinyDb/src'
make[3]: Leaving directory '/home/zc/work/c/TinyDb/src'
config.status:1154: $? = 0

## ---------------------- ##
## Running config.status. ##
## ---------------------- ##

This file was extended by tinydb config.status 0.1, which was
generated by GNU Autoconf 2.71.  Invocation command line was

  CONFIG_FILES    = 
  CONFIG_HEADERS  = 
  CONFIG_LINKS    = 
  CONFIG_COMMANDS = 
  $ ./config.status src/Makefile depfiles

on zc-VLT-WX0

config.status:843: creating src/Makefile
config.status:1072: executing depfiles commands
config.status:1149: cd src       && sed -e '/# am--include-marker/d' Makefile         | make -f - am--depfiles
make[3]: Entering directory '/home/zc/work/c/TinyDb/src'
make[3]: Leaving directory '/home/zc/work/c/TinyDb/src'
config.status:1154: $? = 0
